<?xml version="1.0" encoding="UTF-8"?>
<testsuite name="com.soprasteria.asp.gestionEvol.DAOFactoryTest" time="0.032" tests="3" errors="0" skipped="0" failures="0">
  <properties>
    <property name="java.runtime.name" value="Java(TM) SE Runtime Environment"/>
    <property name="sun.boot.library.path" value="D:\TMMA2_DEV\__JDK\jdk-8u92-windows-x64\jre\bin"/>
    <property name="java.vm.version" value="25.92-b14"/>
    <property name="java.vm.vendor" value="Oracle Corporation"/>
    <property name="maven.multiModuleProjectDirectory" value="D:\Profiles\vguillamot\Documents\WorkSpace_Projet\gestionEvol"/>
    <property name="java.vendor.url" value="http://java.oracle.com/"/>
    <property name="path.separator" value=";"/>
    <property name="guice.disable.misplaced.annotation.check" value="true"/>
    <property name="java.vm.name" value="Java HotSpot(TM) 64-Bit Server VM"/>
    <property name="file.encoding.pkg" value="sun.io"/>
    <property name="user.script" value=""/>
    <property name="user.country" value="FR"/>
    <property name="sun.java.launcher" value="SUN_STANDARD"/>
    <property name="sun.os.patch.level" value="Service Pack 1"/>
    <property name="java.vm.specification.name" value="Java Virtual Machine Specification"/>
    <property name="user.dir" value="D:\Profiles\vguillamot\Documents\WorkSpace_Projet\gestionEvol"/>
    <property name="java.runtime.version" value="1.8.0_92-b14"/>
    <property name="java.awt.graphicsenv" value="sun.awt.Win32GraphicsEnvironment"/>
    <property name="java.endorsed.dirs" value="D:\TMMA2_DEV\__JDK\jdk-8u92-windows-x64\jre\lib\endorsed"/>
    <property name="os.arch" value="amd64"/>
    <property name="java.io.tmpdir" value="d:\Profiles\VGUILL~1\AppData\Local\Temp\"/>
    <property name="line.separator" value="&#10;"/>
    <property name="java.vm.specification.vendor" value="Oracle Corporation"/>
    <property name="user.variant" value=""/>
    <property name="os.name" value="Windows 7"/>
    <property name="classworlds.conf" value="D:\Profiles\vguillamot\Documents\WorkSpace_Projet\.metadata\.plugins\org.eclipse.m2e.launching\launches\m2conf3852096453851221319.tmp"/>
    <property name="sun.jnu.encoding" value="Cp1252"/>
    <property name="java.library.path" value="D:\TMMA2_DEV\__JDK\jdk-8u92-windows-x64\bin;C:\WINDOWS\Sun\Java\bin;C:\WINDOWS\system32;C:\WINDOWS;T:/__JDK/jdk-8u92-windows-x64/bin/../jre/bin/server;T:/__JDK/jdk-8u92-windows-x64/bin/../jre/bin;T:/__JDK/jdk-8u92-windows-x64/bin/../jre/lib/amd64;T:\__JDK\jdk-8u92-windows-x64\bin;C:\ProgramData\Oracle\Java\javapath;C:\WINDOWS\system32;C:\WINDOWS;C:\WINDOWS\System32\Wbem;C:\WINDOWS\System32\WindowsPowerShell\v1.0\;C:\Program Files\Novell\iPrint;C:\Program Files\TortoiseSVN\bin;C:\Program Files\PuTTY\;T:\__APACHE\apache-maven-2.2.1\bin;T:\__APACHE\apache-ant-1.9.7\bin;.;D:\TMMA2_DEV\[Config];;."/>
    <property name="m2e.workspace.state" value="D:\Profiles\vguillamot\Documents\WorkSpace_Projet\.metadata\.plugins\org.eclipse.m2e.core\workspacestate.properties"/>
    <property name="java.specification.name" value="Java Platform API Specification"/>
    <property name="java.class.version" value="52.0"/>
    <property name="sun.management.compiler" value="HotSpot 64-Bit Tiered Compilers"/>
    <property name="os.version" value="6.1"/>
    <property name="user.home" value="d:\Profiles\vguillamot"/>
    <property name="user.timezone" value="Europe/Paris"/>
    <property name="java.awt.printerjob" value="sun.awt.windows.WPrinterJob"/>
    <property name="java.specification.version" value="1.8"/>
    <property name="file.encoding" value="Cp1252"/>
    <property name="user.name" value="vguillamot"/>
    <property name="java.class.path" value="/T:/__ECLIPSES/NEON/plugins/org.eclipse.m2e.maven.runtime_1.7.0.20160603-1931/jars/plexus-classworlds-2.5.2.jar"/>
    <property name="java.vm.specification.version" value="1.8"/>
    <property name="sun.arch.data.model" value="64"/>
    <property name="java.home" value="D:\TMMA2_DEV\__JDK\jdk-8u92-windows-x64\jre"/>
    <property name="sun.java.command" value="org.codehaus.plexus.classworlds.launcher.Launcher -B -s d:\Profiles\vguillamot\.m2\settings.xml clean install"/>
    <property name="java.specification.vendor" value="Oracle Corporation"/>
    <property name="user.language" value="fr"/>
    <property name="awt.toolkit" value="sun.awt.windows.WToolkit"/>
    <property name="java.vm.info" value="mixed mode"/>
    <property name="java.version" value="1.8.0_92"/>
    <property name="java.ext.dirs" value="D:\TMMA2_DEV\__JDK\jdk-8u92-windows-x64\jre\lib\ext;C:\WINDOWS\Sun\Java\lib\ext"/>
    <property name="sun.boot.class.path" value="D:\TMMA2_DEV\__JDK\jdk-8u92-windows-x64\jre\lib\resources.jar;D:\TMMA2_DEV\__JDK\jdk-8u92-windows-x64\jre\lib\rt.jar;D:\TMMA2_DEV\__JDK\jdk-8u92-windows-x64\jre\lib\sunrsasign.jar;D:\TMMA2_DEV\__JDK\jdk-8u92-windows-x64\jre\lib\jsse.jar;D:\TMMA2_DEV\__JDK\jdk-8u92-windows-x64\jre\lib\jce.jar;D:\TMMA2_DEV\__JDK\jdk-8u92-windows-x64\jre\lib\charsets.jar;D:\TMMA2_DEV\__JDK\jdk-8u92-windows-x64\jre\lib\jfr.jar;D:\TMMA2_DEV\__JDK\jdk-8u92-windows-x64\jre\classes"/>
    <property name="java.vendor" value="Oracle Corporation"/>
    <property name="maven.home" value="D:\Profiles\vguillamot\Documents\WorkSpace_Projet\gestionEvol\EMBEDDED"/>
    <property name="file.separator" value="\"/>
    <property name="java.vendor.url.bug" value="http://bugreport.sun.com/bugreport/"/>
    <property name="sun.cpu.endian" value="little"/>
    <property name="sun.io.unicode.encoding" value="UnicodeLittle"/>
    <property name="sun.desktop" value="windows"/>
    <property name="sun.cpu.isalist" value="amd64"/>
  </properties>
  <testcase name="getDataTest" classname="com.soprasteria.asp.gestionEvol.DAOFactoryTest" time="0.021"/>
  <testcase name="openFileJsonTest" classname="com.soprasteria.asp.gestionEvol.DAOFactoryTest" time="0.006"/>
  <testcase name="getDataErrorTest" classname="com.soprasteria.asp.gestionEvol.DAOFactoryTest" time="0.005"/>
</testsuite>